<?xml version="1.0" encoding="UTF-8"?>
<!-- Generated by org.testng.reporters.JUnitReportReporter -->
<testsuite hostname="Admin" failures="0" tests="1" name="com.qa.automation.qdms.base.DriverIntialization" time="5.592" errors="0" timestamp="28 Jul 2023 09:08:44 GMT" skipped="0">
  <testcase classname="com.qa.automation.qdms.base.DriverIntialization" name="main" time="5.592"/>
</testsuite> <!-- com.qa.automation.qdms.base.DriverIntialization -->
